27-07-2021 14:18:48 - [INFO] -  csv_helper - (csv_helper.py).read_csv(line 22) - Csv file read from ../data/store.csv
27-07-2021 14:18:50 - [INFO] -  csv_helper - (csv_helper.py).read_csv(line 22) - Csv file read from ../data/train.csv
27-07-2021 14:38:12 - [INFO] -  csv_helper - (csv_helper.py).read_csv(line 22) - Csv file read from ../data/train.csv
27-07-2021 18:47:33 - [INFO] -  csv_helper - (csv_helper.py).read_csv(line 22) - Csv file read from ../data/store.csv
27-07-2021 21:48:56 - [INFO] -  csv_helper - (csv_helper.py).read_csv(line 22) - Csv file read from ../data/store.csv
27-07-2021 21:48:59 - [INFO] -  csv_helper - (csv_helper.py).read_csv(line 22) - Csv file read from ../data/train.csv
27-07-2021 22:20:32 - [INFO] -  csv_helper - (csv_helper.py).read_csv(line 22) - Csv file read from ../data/store.csv
27-07-2021 22:20:32 - [INFO] -  csv_helper - (csv_helper.py).read_csv(line 22) - Csv file read from ../data/store.csv
27-07-2021 22:20:35 - [INFO] -  csv_helper - (csv_helper.py).read_csv(line 22) - Csv file read from ../data/train.csv
27-07-2021 22:20:35 - [INFO] -  csv_helper - (csv_helper.py).read_csv(line 22) - Csv file read from ../data/train.csv
27-07-2021 22:22:13 - [INFO] -  csv_helper - (csv_helper.py).read_csv(line 22) - Csv file read from ../data/store.csv
27-07-2021 22:22:13 - [INFO] -  csv_helper - (csv_helper.py).read_csv(line 22) - Csv file read from ../data/train.csv
27-07-2021 23:52:32 - [INFO] -  csv_helper - (csv_helper.py).read_csv(line 22) - Csv file read from ../data/store.csv
27-07-2021 23:52:35 - [INFO] -  csv_helper - (csv_helper.py).read_csv(line 22) - Csv file read from ../data/train.csv
28-07-2021 11:09:13 - [INFO] -  csv_helper - (csv_helper.py).read_csv(line 22) - Csv file read from ../data/store.csv
28-07-2021 11:09:16 - [INFO] -  csv_helper - (csv_helper.py).read_csv(line 22) - Csv file read from ../data/train.csv
28-07-2021 11:28:03 - [INFO] -  csv_helper - (csv_helper.py).read_csv(line 22) - Csv file read from ../data/store.csv
28-07-2021 11:28:03 - [INFO] -  csv_helper - (csv_helper.py).read_csv(line 22) - Csv file read from ../data/store.csv
28-07-2021 11:28:06 - [INFO] -  csv_helper - (csv_helper.py).read_csv(line 22) - Csv file read from ../data/train.csv
28-07-2021 11:28:06 - [INFO] -  csv_helper - (csv_helper.py).read_csv(line 22) - Csv file read from ../data/train.csv
28-07-2021 11:29:03 - [INFO] -  csv_helper - (csv_helper.py).read_csv(line 22) - Csv file read from ../data/store.csv
28-07-2021 11:29:04 - [INFO] -  csv_helper - (csv_helper.py).read_csv(line 22) - Csv file read from ../data/train.csv
28-07-2021 11:29:52 - [INFO] -  csv_helper - (csv_helper.py).read_csv(line 22) - Csv file read from ../data/store.csv
28-07-2021 11:29:52 - [INFO] -  csv_helper - (csv_helper.py).read_csv(line 22) - Csv file read from ../data/store.csv
28-07-2021 11:29:53 - [INFO] -  csv_helper - (csv_helper.py).read_csv(line 22) - Csv file read from ../data/train.csv
28-07-2021 11:29:53 - [INFO] -  csv_helper - (csv_helper.py).read_csv(line 22) - Csv file read from ../data/train.csv
28-07-2021 11:30:28 - [INFO] -  csv_helper - (csv_helper.py).read_csv(line 22) - Csv file read from ../data/store.csv
28-07-2021 11:30:29 - [INFO] -  csv_helper - (csv_helper.py).read_csv(line 22) - Csv file read from ../data/train.csv
28-07-2021 11:38:25 - [INFO] -  csv_helper - (csv_helper.py).read_csv(line 22) - Csv file read from ../data/store.csv
28-07-2021 11:38:25 - [INFO] -  csv_helper - (csv_helper.py).read_csv(line 22) - Csv file read from ../data/store.csv
28-07-2021 11:38:26 - [INFO] -  csv_helper - (csv_helper.py).read_csv(line 22) - Csv file read from ../data/train.csv
28-07-2021 11:38:26 - [INFO] -  csv_helper - (csv_helper.py).read_csv(line 22) - Csv file read from ../data/train.csv
28-07-2021 12:16:22 - [INFO] -  csv_helper - (csv_helper.py).read_csv(line 22) - Csv file read from ../data/store.csv
28-07-2021 12:16:25 - [INFO] -  csv_helper - (csv_helper.py).read_csv(line 22) - Csv file read from ../data/train.csv
28-07-2021 18:15:25 - [INFO] -  csv_helper - (csv_helper.py).read_csv(line 22) - Csv file read from ../data/store.csv
28-07-2021 18:15:27 - [INFO] -  csv_helper - (csv_helper.py).read_csv(line 22) - Csv file read from ../data/train.csv
28-07-2021 19:00:16 - [INFO] -  csv_helper - (csv_helper.py).read_csv(line 22) - Csv file read from ../data/store.csv
28-07-2021 19:00:17 - [INFO] -  csv_helper - (csv_helper.py).read_csv(line 22) - Csv file read from ../data/train.csv
28-07-2021 19:02:12 - [INFO] -  csv_helper - (csv_helper.py).read_csv(line 22) - Csv file read from ../data/store.csv
28-07-2021 19:02:12 - [INFO] -  csv_helper - (csv_helper.py).read_csv(line 22) - Csv file read from ../data/store.csv
28-07-2021 19:02:13 - [INFO] -  csv_helper - (csv_helper.py).read_csv(line 22) - Csv file read from ../data/train.csv
28-07-2021 19:02:13 - [INFO] -  csv_helper - (csv_helper.py).read_csv(line 22) - Csv file read from ../data/train.csv
28-07-2021 19:03:00 - [INFO] -  csv_helper - (csv_helper.py).read_csv(line 22) - Csv file read from ../data/store.csv
28-07-2021 19:03:00 - [INFO] -  csv_helper - (csv_helper.py).read_csv(line 22) - Csv file read from ../data/store.csv
28-07-2021 19:03:00 - [INFO] -  csv_helper - (csv_helper.py).read_csv(line 22) - Csv file read from ../data/store.csv
28-07-2021 19:03:00 - [INFO] -  csv_helper - (csv_helper.py).read_csv(line 22) - Csv file read from ../data/train.csv
28-07-2021 19:03:00 - [INFO] -  csv_helper - (csv_helper.py).read_csv(line 22) - Csv file read from ../data/train.csv
28-07-2021 19:03:00 - [INFO] -  csv_helper - (csv_helper.py).read_csv(line 22) - Csv file read from ../data/train.csv
28-07-2021 19:32:58 - [INFO] -  csv_helper - (csv_helper.py).read_csv(line 22) - Csv file read from ../data/test.csv
28-07-2021 19:32:58 - [INFO] -  csv_helper - (csv_helper.py).read_csv(line 22) - Csv file read from ../data/test.csv
28-07-2021 19:32:58 - [INFO] -  csv_helper - (csv_helper.py).read_csv(line 22) - Csv file read from ../data/test.csv
28-07-2021 21:36:58 - [INFO] -  csv_helper - (csv_helper.py).read_csv(line 22) - Csv file read from ../data/store.csv
28-07-2021 21:37:01 - [INFO] -  csv_helper - (csv_helper.py).read_csv(line 22) - Csv file read from ../data/train.csv
28-07-2021 21:38:03 - [INFO] -  csv_helper - (csv_helper.py).read_csv(line 22) - Csv file read from ../data/test.csv
28-07-2021 23:02:46 - [ERROR] -  csv_helper - (csv_helper.py).read_csv(line 26) - File not found.
Traceback (most recent call last):
  File "/home/z/Documents/Rossmann-Pharmaceuticals-Sales-Prediction/scripts/csv_helper.py", line 21, in read_csv
    df = pd.read_csv(csv_path, na_values=missing_values)
  File "/home/z/.local/lib/python3.8/site-packages/pandas/io/parsers.py", line 610, in read_csv
    return _read(filepath_or_buffer, kwds)
  File "/home/z/.local/lib/python3.8/site-packages/pandas/io/parsers.py", line 462, in _read
    parser = TextFileReader(filepath_or_buffer, **kwds)
  File "/home/z/.local/lib/python3.8/site-packages/pandas/io/parsers.py", line 819, in __init__
    self._engine = self._make_engine(self.engine)
  File "/home/z/.local/lib/python3.8/site-packages/pandas/io/parsers.py", line 1050, in _make_engine
    return mapping[engine](self.f, **self.options)  # type: ignore[call-arg]
  File "/home/z/.local/lib/python3.8/site-packages/pandas/io/parsers.py", line 1867, in __init__
    self._open_handles(src, kwds)
  File "/home/z/.local/lib/python3.8/site-packages/pandas/io/parsers.py", line 1362, in _open_handles
    self.handles = get_handle(
  File "/home/z/.local/lib/python3.8/site-packages/pandas/io/common.py", line 642, in get_handle
    handle = open(
FileNotFoundError: [Errno 2] No such file or directory: 'test.csv'
28-07-2021 23:02:46 - [INFO] -  csv_helper - (csv_helper.py).save_csv(line 14) - Csv file saved in ./test.csv
28-07-2021 23:02:46 - [INFO] -  csv_helper - (csv_helper.py).save_csv(line 14) - Csv file saved in ./test.csv
28-07-2021 23:04:08 - [INFO] -  csv_helper - (csv_helper.py).read_csv(line 22) - Csv file read from test.csv
28-07-2021 23:04:08 - [INFO] -  csv_helper - (csv_helper.py).save_csv(line 14) - Csv file saved in ./test.csv
28-07-2021 23:04:08 - [INFO] -  csv_helper - (csv_helper.py).save_csv(line 14) - Csv file saved in ./test.csv
28-07-2021 23:13:42 - [INFO] -  csv_helper - (csv_helper.py).read_csv(line 22) - Csv file read from ../data/store.csv
28-07-2021 23:13:43 - [INFO] -  csv_helper - (csv_helper.py).read_csv(line 22) - Csv file read from ../data/train.csv
29-07-2021 02:36:47 - [INFO] -  csv_helper - (csv_helper.py).read_csv(line 22) - Csv file read from ../data/store.csv
29-07-2021 02:36:50 - [INFO] -  csv_helper - (csv_helper.py).read_csv(line 22) - Csv file read from ../data/train.csv
29-07-2021 02:43:05 - [INFO] -  csv_helper - (csv_helper.py).read_csv(line 22) - Csv file read from test.csv
29-07-2021 02:43:05 - [INFO] -  csv_helper - (csv_helper.py).to_csv(line 14) - Csv file saved in ./test.csv
29-07-2021 02:43:05 - [INFO] -  csv_helper - (csv_helper.py).to_csv(line 14) - Csv file saved in ./test.csv
29-07-2021 02:44:36 - [INFO] -  csv_helper - (csv_helper.py).read_csv(line 22) - Csv file read from ../data/store.csv
29-07-2021 02:44:36 - [INFO] -  csv_helper - (csv_helper.py).read_csv(line 22) - Csv file read from ../data/store.csv
29-07-2021 02:44:40 - [INFO] -  csv_helper - (csv_helper.py).read_csv(line 22) - Csv file read from ../data/train.csv
29-07-2021 02:44:40 - [INFO] -  csv_helper - (csv_helper.py).read_csv(line 22) - Csv file read from ../data/train.csv
29-07-2021 02:48:30 - [INFO] -  csv_helper - (csv_helper.py).read_csv(line 22) - Csv file read from ../data/store.csv
29-07-2021 02:48:35 - [INFO] -  csv_helper - (csv_helper.py).read_csv(line 22) - Csv file read from ../data/train.csv
29-07-2021 02:49:27 - [INFO] -  csv_helper - (csv_helper.py).to_csv(line 14) - Csv file saved in ../data/clean_train.csv
29-07-2021 02:49:27 - [INFO] -  csv_helper - (csv_helper.py).to_csv(line 14) - Csv file saved in ../data/clean_store.csv
29-07-2021 02:49:43 - [INFO] -  csv_helper - (csv_helper.py).to_csv(line 14) - Csv file saved in ../data/merged.csv
29-07-2021 02:49:44 - [INFO] -  csv_helper - (csv_helper.py).read_csv(line 22) - Csv file read from ../data/test.csv
29-07-2021 12:13:38 - [INFO] -  csv_helper - (csv_helper.py).read_csv(line 22) - Csv file read from ../data/store.csv
29-07-2021 12:13:43 - [INFO] -  csv_helper - (csv_helper.py).read_csv(line 22) - Csv file read from ../data/train.csv
29-07-2021 12:14:33 - [INFO] -  csv_helper - (csv_helper.py).to_csv(line 14) - Csv file saved in ../data/clean_train.csv
29-07-2021 12:14:33 - [INFO] -  csv_helper - (csv_helper.py).to_csv(line 14) - Csv file saved in ../data/clean_store.csv
29-07-2021 12:14:47 - [INFO] -  csv_helper - (csv_helper.py).to_csv(line 14) - Csv file saved in ../data/merged.csv
29-07-2021 12:17:38 - [INFO] -  csv_helper - (csv_helper.py).read_csv(line 22) - Csv file read from ../data/store.csv
29-07-2021 12:17:38 - [INFO] -  csv_helper - (csv_helper.py).read_csv(line 22) - Csv file read from ../data/store.csv
29-07-2021 12:17:42 - [INFO] -  csv_helper - (csv_helper.py).read_csv(line 22) - Csv file read from ../data/train.csv
29-07-2021 12:17:42 - [INFO] -  csv_helper - (csv_helper.py).read_csv(line 22) - Csv file read from ../data/train.csv
29-07-2021 12:18:31 - [INFO] -  csv_helper - (csv_helper.py).to_csv(line 14) - Csv file saved in ../data/clean_train.csv
29-07-2021 12:18:31 - [INFO] -  csv_helper - (csv_helper.py).to_csv(line 14) - Csv file saved in ../data/clean_train.csv
29-07-2021 12:18:31 - [INFO] -  csv_helper - (csv_helper.py).to_csv(line 14) - Csv file saved in ../data/clean_store.csv
29-07-2021 12:18:31 - [INFO] -  csv_helper - (csv_helper.py).to_csv(line 14) - Csv file saved in ../data/clean_store.csv
29-07-2021 12:18:47 - [INFO] -  csv_helper - (csv_helper.py).to_csv(line 14) - Csv file saved in ../data/merged.csv
29-07-2021 12:18:47 - [INFO] -  csv_helper - (csv_helper.py).to_csv(line 14) - Csv file saved in ../data/merged.csv
29-07-2021 12:22:10 - [INFO] -  csv_helper - (csv_helper.py).read_csv(line 22) - Csv file read from ../data/store.csv
29-07-2021 12:22:10 - [INFO] -  csv_helper - (csv_helper.py).read_csv(line 22) - Csv file read from ../data/store.csv
29-07-2021 12:22:10 - [INFO] -  csv_helper - (csv_helper.py).read_csv(line 22) - Csv file read from ../data/store.csv
29-07-2021 12:22:13 - [INFO] -  csv_helper - (csv_helper.py).read_csv(line 22) - Csv file read from ../data/train.csv
29-07-2021 12:22:13 - [INFO] -  csv_helper - (csv_helper.py).read_csv(line 22) - Csv file read from ../data/train.csv
29-07-2021 12:22:13 - [INFO] -  csv_helper - (csv_helper.py).read_csv(line 22) - Csv file read from ../data/train.csv
29-07-2021 12:23:03 - [INFO] -  csv_helper - (csv_helper.py).to_csv(line 14) - Csv file saved in ../data/clean_train.csv
29-07-2021 12:23:03 - [INFO] -  csv_helper - (csv_helper.py).to_csv(line 14) - Csv file saved in ../data/clean_train.csv
29-07-2021 12:23:03 - [INFO] -  csv_helper - (csv_helper.py).to_csv(line 14) - Csv file saved in ../data/clean_train.csv
29-07-2021 12:23:03 - [INFO] -  csv_helper - (csv_helper.py).to_csv(line 14) - Csv file saved in ../data/clean_store.csv
29-07-2021 12:23:03 - [INFO] -  csv_helper - (csv_helper.py).to_csv(line 14) - Csv file saved in ../data/clean_store.csv
29-07-2021 12:23:03 - [INFO] -  csv_helper - (csv_helper.py).to_csv(line 14) - Csv file saved in ../data/clean_store.csv
29-07-2021 12:23:16 - [INFO] -  csv_helper - (csv_helper.py).to_csv(line 14) - Csv file saved in ../data/merged.csv
29-07-2021 12:23:16 - [INFO] -  csv_helper - (csv_helper.py).to_csv(line 14) - Csv file saved in ../data/merged.csv
29-07-2021 12:23:16 - [INFO] -  csv_helper - (csv_helper.py).to_csv(line 14) - Csv file saved in ../data/merged.csv
29-07-2021 12:35:59 - [INFO] -  csv_helper - (csv_helper.py).read_csv(line 22) - Csv file read from ../data/store.csv
29-07-2021 12:36:02 - [INFO] -  csv_helper - (csv_helper.py).read_csv(line 22) - Csv file read from ../data/train.csv
29-07-2021 12:36:43 - [INFO] -  csv_helper - (csv_helper.py).to_csv(line 14) - Csv file saved in ../data/clean_train.csv
29-07-2021 12:36:43 - [INFO] -  csv_helper - (csv_helper.py).to_csv(line 14) - Csv file saved in ../data/clean_store.csv
29-07-2021 12:36:58 - [INFO] -  csv_helper - (csv_helper.py).to_csv(line 14) - Csv file saved in ../data/merged.csv
29-07-2021 12:46:26 - [INFO] -  csv_helper - (csv_helper.py).read_csv(line 22) - Csv file read from ../data/store.csv
29-07-2021 12:46:26 - [INFO] -  csv_helper - (csv_helper.py).read_csv(line 22) - Csv file read from ../data/store.csv
29-07-2021 12:46:32 - [INFO] -  csv_helper - (csv_helper.py).read_csv(line 22) - Csv file read from ../data/train.csv
29-07-2021 12:46:32 - [INFO] -  csv_helper - (csv_helper.py).read_csv(line 22) - Csv file read from ../data/train.csv
29-07-2021 12:47:15 - [INFO] -  csv_helper - (csv_helper.py).to_csv(line 14) - Csv file saved in ../data/clean_train.csv
29-07-2021 12:47:15 - [INFO] -  csv_helper - (csv_helper.py).to_csv(line 14) - Csv file saved in ../data/clean_train.csv
29-07-2021 12:47:15 - [INFO] -  csv_helper - (csv_helper.py).to_csv(line 14) - Csv file saved in ../data/clean_store.csv
29-07-2021 12:47:15 - [INFO] -  csv_helper - (csv_helper.py).to_csv(line 14) - Csv file saved in ../data/clean_store.csv
29-07-2021 12:47:27 - [INFO] -  csv_helper - (csv_helper.py).to_csv(line 14) - Csv file saved in ../data/merged.csv
29-07-2021 12:47:27 - [INFO] -  csv_helper - (csv_helper.py).to_csv(line 14) - Csv file saved in ../data/merged.csv
29-07-2021 13:40:49 - [INFO] -  csv_helper - (csv_helper.py).read_csv(line 22) - Csv file read from ../data/test.csv
29-07-2021 13:40:49 - [INFO] -  csv_helper - (csv_helper.py).read_csv(line 22) - Csv file read from ../data/test.csv
29-07-2021 21:41:22 - [INFO] -  csv_helper - (csv_helper.py).read_csv(line 22) - Csv file read from ../data/store.csv
29-07-2021 21:41:28 - [INFO] -  csv_helper - (csv_helper.py).read_csv(line 22) - Csv file read from ../data/train.csv
29-07-2021 21:42:17 - [INFO] -  csv_helper - (csv_helper.py).to_csv(line 14) - Csv file saved in ../data/clean_train.csv
29-07-2021 21:42:17 - [INFO] -  csv_helper - (csv_helper.py).to_csv(line 14) - Csv file saved in ../data/clean_store.csv
29-07-2021 21:42:32 - [INFO] -  csv_helper - (csv_helper.py).to_csv(line 14) - Csv file saved in ../data/merged.csv
29-07-2021 21:48:09 - [INFO] -  csv_helper - (csv_helper.py).read_csv(line 22) - Csv file read from ../data/test.csv
30-07-2021 00:04:41 - [INFO] -  csv_helper - (csv_helper.py).read_csv(line 22) - Csv file read from ../data/train.csv
